<?xml version="1.0" encoding="UTF-8"?>
<!-- Generated by org.testng.reporters.JUnitXMLReporter -->
<testsuite ignored="0" hostname="DESKTOP-60U4M33" failures="0" tests="3" name="Selenium Java Automation Edge Test" time="0.837" errors="0" timestamp="2024-01-03T09:30:40 IST">
  <testcase classname="com.sra.tests.BasicTestBrowserLaunch" name="testBasicTestBrowserLaunch" time="0.0">
    <skipped/>
  </testcase> <!-- testBasicTestBrowserLaunch -->
  <testcase classname="com.sra.tests.BasicTestBrowserLaunch" name="testDisplayed" time="0.0">
    <skipped/>
  </testcase> <!-- testDisplayed -->
  <testcase classname="com.sra.tests.BasicTestBrowserLaunch" name="testIsEnabled" time="0.0">
    <skipped/>
  </testcase> <!-- testIsEnabled -->
</testsuite> <!-- Selenium Java Automation Edge Test -->
