<?xml version="1.0" encoding="UTF-8"?>
<!-- Generated by org.testng.reporters.JUnitXMLReporter -->
<testsuite ignored="0" hostname="DESKTOP-60U4M33" failures="0" tests="3" name="Selenium Java Automation headlessFirefox Test" time="23.276" errors="0" timestamp="2024-01-03T09:40:55 IST">
  <testcase classname="com.sra.tests.BasicTestBrowserLaunch" name="testBasicTestBrowserLaunch" time="5.892"/>
  <testcase classname="com.sra.tests.BasicTestBrowserLaunch" name="testDisplayed" time="3.898"/>
  <testcase classname="com.sra.tests.BasicTestBrowserLaunch" name="testIsEnabled" time="3.217"/>
</testsuite> <!-- Selenium Java Automation headlessFirefox Test -->
