<?xml version="1.0" encoding="UTF-8"?>
<!-- Generated by org.testng.reporters.JUnitXMLReporter -->
<testsuite ignored="0" hostname="DESKTOP-60U4M33" failures="0" tests="3" name="Selenium Java Automation Test" time="39.596" errors="0" timestamp="2024-01-02T20:12:17 IST">
  <testcase classname="com.sra.tests.BasicTestBrowserLaunch" name="testBasicTestBrowserLaunch" time="4.461"/>
  <testcase classname="com.sra.tests.BasicTestBrowserLaunch" name="testDisplayed" time="19.535"/>
  <testcase classname="com.sra.tests.BasicTestBrowserLaunch" name="testIsEnabled" time="4.375"/>
</testsuite> <!-- Selenium Java Automation Test -->
