<?xml version="1.0" encoding="UTF-8"?>
<!-- Generated by org.testng.reporters.JUnitXMLReporter -->
<testsuite ignored="0" hostname="DESKTOP-60U4M33" failures="0" tests="3" name="Selenium Java Automation Chrome Test" time="25.322" errors="0" timestamp="2024-01-03T08:58:22 IST">
  <testcase classname="com.sra.tests.BasicTestBrowserLaunch" name="testBasicTestBrowserLaunch" time="4.893"/>
  <testcase classname="com.sra.tests.BasicTestBrowserLaunch" name="testDisplayed" time="4.86"/>
  <testcase classname="com.sra.tests.BasicTestBrowserLaunch" name="testIsEnabled" time="3.66"/>
</testsuite> <!-- Selenium Java Automation Chrome Test -->
