<?xml version="1.0" encoding="UTF-8"?>
<testng-results ignored="0" total="3" passed="3" failed="0" skipped="0">
  <reporter-output>
  </reporter-output>
  <suite started-at="2024-01-04T09:03:46 IST" name="secondroundautomationSuite" finished-at="2024-01-04T09:04:19 IST" duration-ms="32737">
    <groups>
    </groups>
    <test started-at="2024-01-04T09:03:46 IST" name="secondroundautomationTest" finished-at="2024-01-04T09:04:19 IST" duration-ms="32737">
      <class name="com.sra.tests.BasicTestBrowserLaunch">
        <test-method is-config="true" signature="setUp(java.lang.String)[pri:0, instance:com.sra.tests.BasicTestBrowserLaunch@54c5a2ff]" started-at="2024-01-04T09:03:46 IST" name="setUp" finished-at="2024-01-04T09:04:02 IST" duration-ms="16001" status="PASS">
          <params>
            <param index="0">
              <value>
                <![CDATA[firefox]]>
              </value>
            </param>
          </params>
          <reporter-output>
          </reporter-output>
        </test-method> <!-- setUp -->
        <test-method signature="testBasicTestBrowserLaunch()[pri:1, instance:com.sra.tests.BasicTestBrowserLaunch@54c5a2ff]" started-at="2024-01-04T09:04:03 IST" name="testBasicTestBrowserLaunch" finished-at="2024-01-04T09:04:08 IST" duration-ms="5535" status="PASS">
          <reporter-output>
          </reporter-output>
        </test-method> <!-- testBasicTestBrowserLaunch -->
        <test-method signature="testDisplayed()[pri:2, instance:com.sra.tests.BasicTestBrowserLaunch@54c5a2ff]" started-at="2024-01-04T09:04:08 IST" name="testDisplayed" finished-at="2024-01-04T09:04:12 IST" duration-ms="4010" status="PASS">
          <reporter-output>
          </reporter-output>
        </test-method> <!-- testDisplayed -->
        <test-method signature="testIsEnabled()[pri:3, instance:com.sra.tests.BasicTestBrowserLaunch@54c5a2ff]" started-at="2024-01-04T09:04:12 IST" name="testIsEnabled" finished-at="2024-01-04T09:04:16 IST" duration-ms="3985" status="PASS">
          <reporter-output>
          </reporter-output>
        </test-method> <!-- testIsEnabled -->
        <test-method is-config="true" signature="tearDown()[pri:0, instance:com.sra.tests.BasicTestBrowserLaunch@54c5a2ff]" started-at="2024-01-04T09:04:16 IST" name="tearDown" finished-at="2024-01-04T09:04:19 IST" duration-ms="2405" status="PASS">
          <reporter-output>
          </reporter-output>
        </test-method> <!-- tearDown -->
      </class> <!-- com.sra.tests.BasicTestBrowserLaunch -->
    </test> <!-- secondroundautomationTest -->
  </suite> <!-- secondroundautomationSuite -->
</testng-results>
