-------------------------------------------------------------------------------
Test set: TestSuite
-------------------------------------------------------------------------------
Tests run: 3, Failures: 1, Errors: 0, Skipped: 0, Time elapsed: 35.955 s <<< FAILURE! - in TestSuite
testIsEnabled(com.sra.tests.BasicTestBrowserLaunch)  Time elapsed: 3.934 s  <<< FAILURE!
java.lang.AssertionError: expected [true] but found [false]
	at com.sra.tests.BasicTestBrowserLaunch.testIsEnabled(BasicTestBrowserLaunch.java:84)

