<?xml version="1.0" encoding="UTF-8"?>
<testsuite xmlns:xsi="http://www.w3.org/2001/XMLSchema-instance" xsi:noNamespaceSchemaLocation="https://maven.apache.org/surefire/maven-surefire-plugin/xsd/surefire-test-report.xsd" name="TestSuite" time="26.983" tests="3" errors="0" skipped="0" failures="0">
  <properties>
[...]
</properties>
  <testcase name="testBasicTestBrowserLaunch" classname="com.sra.tests.BasicTestBrowserLaunch" time="4.781"/>
  <testcase name="testDisplayed" classname="com.sra.tests.BasicTestBrowserLaunch" time="4.031"/>
  <testcase name="testIsEnabled" classname="com.sra.tests.BasicTestBrowserLaunch" time="3.866"/>
</testsuite>