<?xml version="1.0" encoding="UTF-8"?>
<testng-results ignored="0" total="3" passed="3" failed="0" skipped="0">
  <reporter-output>
  </reporter-output>
  <suite started-at="2024-01-02T14:55:32 IST" name="secondroundautomation" finished-at="2024-01-02T14:55:57 IST" duration-ms="24771">
    <groups>
    </groups>
    <test started-at="2024-01-02T14:55:32 IST" name="Selenium Java Automation Test" finished-at="2024-01-02T14:55:57 IST" duration-ms="24771">
      <class name="com.sra.tests.BasicTestBrowserLaunch">
        <test-method is-config="true" signature="setUp(java.lang.String)[pri:0, instance:com.sra.tests.BasicTestBrowserLaunch@4145bad8]" started-at="2024-01-02T14:55:32 IST" name="setUp" finished-at="2024-01-02T14:55:43 IST" duration-ms="11086" status="PASS">
          <params>
            <param index="0">
              <value>
                <![CDATA[chrome]]>
              </value>
            </param>
          </params>
          <reporter-output>
          </reporter-output>
        </test-method> <!-- setUp -->
        <test-method signature="testBasicTestBrowserLaunch()[pri:1, instance:com.sra.tests.BasicTestBrowserLaunch@4145bad8]" started-at="2024-01-02T14:55:43 IST" name="testBasicTestBrowserLaunch" finished-at="2024-01-02T14:55:48 IST" duration-ms="4776" status="PASS">
          <reporter-output>
          </reporter-output>
        </test-method> <!-- testBasicTestBrowserLaunch -->
        <test-method signature="testDisplayed()[pri:2, instance:com.sra.tests.BasicTestBrowserLaunch@4145bad8]" started-at="2024-01-02T14:55:48 IST" name="testDisplayed" finished-at="2024-01-02T14:55:52 IST" duration-ms="4029" status="PASS">
          <reporter-output>
          </reporter-output>
        </test-method> <!-- testDisplayed -->
        <test-method signature="testIsEnabled()[pri:3, instance:com.sra.tests.BasicTestBrowserLaunch@4145bad8]" started-at="2024-01-02T14:55:52 IST" name="testIsEnabled" finished-at="2024-01-02T14:55:56 IST" duration-ms="3861" status="PASS">
          <reporter-output>
          </reporter-output>
        </test-method> <!-- testIsEnabled -->
        <test-method is-config="true" signature="tearDown()[pri:0, instance:com.sra.tests.BasicTestBrowserLaunch@4145bad8]" started-at="2024-01-02T14:55:56 IST" name="tearDown" finished-at="2024-01-02T14:55:57 IST" duration-ms="896" status="PASS">
          <reporter-output>
          </reporter-output>
        </test-method> <!-- tearDown -->
      </class> <!-- com.sra.tests.BasicTestBrowserLaunch -->
    </test> <!-- Selenium Java Automation Test -->
  </suite> <!-- secondroundautomation -->
</testng-results>
