<?xml version="1.0" encoding="UTF-8"?>
<testng-results ignored="0" total="9" passed="9" failed="0" skipped="0">
  <reporter-output>
  </reporter-output>
  <suite started-at="2024-01-03T08:57:56 IST" name="secondroundautomation" finished-at="2024-01-03T08:59:10 IST" duration-ms="73684">
    <groups>
    </groups>
    <test started-at="2024-01-03T08:57:56 IST" name="Selenium Java Automation Chrome Test" finished-at="2024-01-03T08:58:22 IST" duration-ms="25322">
      <class name="com.sra.tests.BasicTestBrowserLaunch">
        <test-method is-config="true" signature="setUp(java.lang.String)[pri:0, instance:com.sra.tests.BasicTestBrowserLaunch@5c7933ad]" started-at="2024-01-03T08:57:56 IST" name="setUp" finished-at="2024-01-03T08:58:08 IST" duration-ms="11158" status="PASS">
          <params>
            <param index="0">
              <value>
                <![CDATA[chrome]]>
              </value>
            </param>
          </params>
          <reporter-output>
          </reporter-output>
        </test-method> <!-- setUp -->
        <test-method signature="testBasicTestBrowserLaunch()[pri:1, instance:com.sra.tests.BasicTestBrowserLaunch@5c7933ad]" started-at="2024-01-03T08:58:08 IST" name="testBasicTestBrowserLaunch" finished-at="2024-01-03T08:58:13 IST" duration-ms="4893" status="PASS">
          <reporter-output>
          </reporter-output>
        </test-method> <!-- testBasicTestBrowserLaunch -->
        <test-method signature="testDisplayed()[pri:2, instance:com.sra.tests.BasicTestBrowserLaunch@5c7933ad]" started-at="2024-01-03T08:58:13 IST" name="testDisplayed" finished-at="2024-01-03T08:58:18 IST" duration-ms="4860" status="PASS">
          <reporter-output>
          </reporter-output>
        </test-method> <!-- testDisplayed -->
        <test-method signature="testIsEnabled()[pri:3, instance:com.sra.tests.BasicTestBrowserLaunch@5c7933ad]" started-at="2024-01-03T08:58:18 IST" name="testIsEnabled" finished-at="2024-01-03T08:58:21 IST" duration-ms="3660" status="PASS">
          <reporter-output>
          </reporter-output>
        </test-method> <!-- testIsEnabled -->
        <test-method is-config="true" signature="tearDown()[pri:0, instance:com.sra.tests.BasicTestBrowserLaunch@5c7933ad]" started-at="2024-01-03T08:58:21 IST" name="tearDown" finished-at="2024-01-03T08:58:22 IST" duration-ms="507" status="PASS">
          <reporter-output>
          </reporter-output>
        </test-method> <!-- tearDown -->
      </class> <!-- com.sra.tests.BasicTestBrowserLaunch -->
    </test> <!-- Selenium Java Automation Chrome Test -->
    <test started-at="2024-01-03T08:58:22 IST" name="Selenium Java Automation Firefox Test" finished-at="2024-01-03T08:58:51 IST" duration-ms="29597">
      <class name="com.sra.tests.BasicTestBrowserLaunch">
        <test-method is-config="true" signature="setUp(java.lang.String)[pri:0, instance:com.sra.tests.BasicTestBrowserLaunch@4dc27487]" started-at="2024-01-03T08:58:22 IST" name="setUp" finished-at="2024-01-03T08:58:35 IST" duration-ms="13163" status="PASS">
          <params>
            <param index="0">
              <value>
                <![CDATA[firefox]]>
              </value>
            </param>
          </params>
          <reporter-output>
          </reporter-output>
        </test-method> <!-- setUp -->
        <test-method signature="testBasicTestBrowserLaunch()[pri:1, instance:com.sra.tests.BasicTestBrowserLaunch@4dc27487]" started-at="2024-01-03T08:58:35 IST" name="testBasicTestBrowserLaunch" finished-at="2024-01-03T08:58:41 IST" duration-ms="6124" status="PASS">
          <reporter-output>
          </reporter-output>
        </test-method> <!-- testBasicTestBrowserLaunch -->
        <test-method signature="testDisplayed()[pri:2, instance:com.sra.tests.BasicTestBrowserLaunch@4dc27487]" started-at="2024-01-03T08:58:41 IST" name="testDisplayed" finished-at="2024-01-03T08:58:45 IST" duration-ms="3862" status="PASS">
          <reporter-output>
          </reporter-output>
        </test-method> <!-- testDisplayed -->
        <test-method signature="testIsEnabled()[pri:3, instance:com.sra.tests.BasicTestBrowserLaunch@4dc27487]" started-at="2024-01-03T08:58:45 IST" name="testIsEnabled" finished-at="2024-01-03T08:58:49 IST" duration-ms="3965" status="PASS">
          <reporter-output>
          </reporter-output>
        </test-method> <!-- testIsEnabled -->
        <test-method is-config="true" signature="tearDown()[pri:0, instance:com.sra.tests.BasicTestBrowserLaunch@4dc27487]" started-at="2024-01-03T08:58:49 IST" name="tearDown" finished-at="2024-01-03T08:58:51 IST" duration-ms="2454" status="PASS">
          <reporter-output>
          </reporter-output>
        </test-method> <!-- tearDown -->
      </class> <!-- com.sra.tests.BasicTestBrowserLaunch -->
    </test> <!-- Selenium Java Automation Firefox Test -->
    <test started-at="2024-01-03T08:58:51 IST" name="Selenium Java Automation Edge Test" finished-at="2024-01-03T08:59:10 IST" duration-ms="18658">
      <class name="com.sra.tests.BasicTestBrowserLaunch">
        <test-method is-config="true" signature="setUp(java.lang.String)[pri:0, instance:com.sra.tests.BasicTestBrowserLaunch@7dfd3c81]" started-at="2024-01-03T08:58:51 IST" name="setUp" finished-at="2024-01-03T08:58:56 IST" duration-ms="4953" status="PASS">
          <params>
            <param index="0">
              <value>
                <![CDATA[edge]]>
              </value>
            </param>
          </params>
          <reporter-output>
          </reporter-output>
        </test-method> <!-- setUp -->
        <test-method signature="testBasicTestBrowserLaunch()[pri:1, instance:com.sra.tests.BasicTestBrowserLaunch@7dfd3c81]" started-at="2024-01-03T08:58:56 IST" name="testBasicTestBrowserLaunch" finished-at="2024-01-03T08:59:02 IST" duration-ms="5654" status="PASS">
          <reporter-output>
          </reporter-output>
        </test-method> <!-- testBasicTestBrowserLaunch -->
        <test-method signature="testDisplayed()[pri:2, instance:com.sra.tests.BasicTestBrowserLaunch@7dfd3c81]" started-at="2024-01-03T08:59:02 IST" name="testDisplayed" finished-at="2024-01-03T08:59:06 IST" duration-ms="3977" status="PASS">
          <reporter-output>
          </reporter-output>
        </test-method> <!-- testDisplayed -->
        <test-method signature="testIsEnabled()[pri:3, instance:com.sra.tests.BasicTestBrowserLaunch@7dfd3c81]" started-at="2024-01-03T08:59:06 IST" name="testIsEnabled" finished-at="2024-01-03T08:59:10 IST" duration-ms="3487" status="PASS">
          <reporter-output>
          </reporter-output>
        </test-method> <!-- testIsEnabled -->
        <test-method is-config="true" signature="tearDown()[pri:0, instance:com.sra.tests.BasicTestBrowserLaunch@7dfd3c81]" started-at="2024-01-03T08:59:10 IST" name="tearDown" finished-at="2024-01-03T08:59:10 IST" duration-ms="563" status="PASS">
          <reporter-output>
          </reporter-output>
        </test-method> <!-- tearDown -->
      </class> <!-- com.sra.tests.BasicTestBrowserLaunch -->
    </test> <!-- Selenium Java Automation Edge Test -->
  </suite> <!-- secondroundautomation -->
</testng-results>
