<?xml version="1.0" encoding="UTF-8"?>
<!-- Generated by org.testng.reporters.JUnitXMLReporter -->
<testsuite ignored="0" hostname="DESKTOP-60U4M33" failures="1" tests="3" name="secondroundautomationTest" time="21.659" errors="0" timestamp="2024-01-04T10:13:38 IST">
  <testcase classname="com.sra.tests.BasicTestBrowserLaunch" name="testBasicTestBrowserLaunch" time="4.29"/>
  <testcase classname="com.sra.tests.BasicTestBrowserLaunch" name="testDisplayed" time="4.121"/>
  <testcase classname="com.sra.tests.BasicTestBrowserLaunch" name="testIsEnabled" time="3.384">
    <failure type="java.lang.AssertionError" message="expected [true] but found [false]">
      <![CDATA[java.lang.AssertionError: expected [true] but found [false]
at com.sra.tests.BasicTestBrowserLaunch.testIsEnabled(BasicTestBrowserLaunch.java:84)
at java.base/java.util.ArrayList.forEach(ArrayList.java:1541)
... Removed 31 stack frames]]>
    </failure>
  </testcase> <!-- testIsEnabled -->
</testsuite> <!-- secondroundautomationTest -->
